# JRE version: Java(TM) SE Runtime Environment (8.0_91-b14) (build 1.8.0_91-b14)
# Java VM: Java HotSpot(TM) 64-Bit Server VM (25.91-b14 mixed mode bsd-amd64 compressed oops)
Heap:
 PSYoungGen      total 130560K, used 83216K [0x00000007aab00000, 0x00000007b3d00000, 0x00000007c0000000)
  eden space 119296K, 69% used [0x00000007aab00000,0x00000007afc442e0,0x00000007b1f80000)
  from space 11264K, 0% used [0x00000007b2a80000,0x00000007b2a80000,0x00000007b3580000)
  to   space 11264K, 0% used [0x00000007b1f80000,0x00000007b1f80000,0x00000007b2a80000)
 ParOldGen       total 103424K, used 14756K [0x0000000780000000, 0x0000000786500000, 0x00000007aab00000)
  object space 103424K, 14% used [0x0000000780000000,0x0000000780e692b8,0x0000000786500000)
 Metaspace       used 40468K, capacity 41260K, committed 41472K, reserved 1085440K
  class space    used 5627K, capacity 5861K, committed 5888K, reserved 1048576K
GC Heap History (10 events):
Event: 5.675 GC heap before
{Heap before GC invocations=6 (full 1):
 PSYoungGen      total 71680K, used 66560K [0x00000007aab00000, 0x00000007af600000, 0x00000007c0000000)
  eden space 66560K, 100% used [0x00000007aab00000,0x00000007aec00000,0x00000007aec00000)
  from space 5120K, 0% used [0x00000007af100000,0x00000007af100000,0x00000007af600000)
  to   space 5120K, 0% used [0x00000007aec00000,0x00000007aec00000,0x00000007af100000)
 ParOldGen       total 67072K, used 9134K [0x0000000780000000, 0x0000000784180000, 0x00000007aab00000)
  object space 67072K, 13% used [0x0000000780000000,0x00000007808ebad8,0x0000000784180000)
 Metaspace       used 25718K, capacity 26142K, committed 26368K, reserved 1071104K
  class space    used 3651K, capacity 3775K, committed 3840K, reserved 1048576K
Event: 5.688 GC heap after
Heap after GC invocations=6 (full 1):
 PSYoungGen      total 71680K, used 5117K [0x00000007aab00000, 0x00000007b1880000, 0x00000007c0000000)
  eden space 66560K, 0% used [0x00000007aab00000,0x00000007aab00000,0x00000007aec00000)
  from space 5120K, 99% used [0x00000007aec00000,0x00000007af0ff5a0,0x00000007af100000)
  to   space 10240K, 0% used [0x00000007b0e80000,0x00000007b0e80000,0x00000007b1880000)
 ParOldGen       total 67072K, used 11159K [0x0000000780000000, 0x0000000784180000, 0x00000007aab00000)
  object space 67072K, 16% used [0x0000000780000000,0x0000000780ae5df0,0x0000000784180000)
 Metaspace       used 25718K, capacity 26142K, committed 26368K, reserved 1071104K
  class space    used 3651K, capacity 3775K, committed 3840K, reserved 1048576K
}
Event: 7.113 GC heap before
{Heap before GC invocations=7 (full 1):
 PSYoungGen      total 71680K, used 71677K [0x00000007aab00000, 0x00000007b1880000, 0x00000007c0000000)
  eden space 66560K, 100% used [0x00000007aab00000,0x00000007aec00000,0x00000007aec00000)
  from space 5120K, 99% used [0x00000007aec00000,0x00000007af0ff5a0,0x00000007af100000)
  to   space 10240K, 0% used [0x00000007b0e80000,0x00000007b0e80000,0x00000007b1880000)
 ParOldGen       total 67072K, used 11159K [0x0000000780000000, 0x0000000784180000, 0x00000007aab00000)
  object space 67072K, 16% used [0x0000000780000000,0x0000000780ae5df0,0x0000000784180000)
 Metaspace       used 27825K, capacity 28410K, committed 28800K, reserved 1073152K
  class space    used 3906K, capacity 4103K, committed 4224K, reserved 1048576K
Event: 7.122 GC heap after
Heap after GC invocations=7 (full 1):
 PSYoungGen      total 96768K, used 5528K [0x00000007aab00000, 0x00000007b1580000, 0x00000007c0000000)
  eden space 89600K, 0% used [0x00000007aab00000,0x00000007aab00000,0x00000007b0280000)
  from space 7168K, 77% used [0x00000007b0e80000,0x00000007b13e62b8,0x00000007b1580000)
  to   space 9728K, 0% used [0x00000007b0280000,0x00000007b0280000,0x00000007b0c00000)
 ParOldGen       total 67072K, used 11167K [0x0000000780000000, 0x0000000784180000, 0x00000007aab00000)
  object space 67072K, 16% used [0x0000000780000000,0x0000000780ae7df0,0x0000000784180000)
 Metaspace       used 27825K, capacity 28410K, committed 28800K, reserved 1073152K
  class space    used 3906K, capacity 4103K, committed 4224K, reserved 1048576K
}
Event: 9.537 GC heap before
{Heap before GC invocations=8 (full 1):
 PSYoungGen      total 96768K, used 95128K [0x00000007aab00000, 0x00000007b1580000, 0x00000007c0000000)
  eden space 89600K, 100% used [0x00000007aab00000,0x00000007b0280000,0x00000007b0280000)
  from space 7168K, 77% used [0x00000007b0e80000,0x00000007b13e62b8,0x00000007b1580000)
  to   space 9728K, 0% used [0x00000007b0280000,0x00000007b0280000,0x00000007b0c00000)
 ParOldGen       total 67072K, used 11167K [0x0000000780000000, 0x0000000784180000, 0x00000007aab00000)
  object space 67072K, 16% used [0x0000000780000000,0x0000000780ae7df0,0x0000000784180000)
 Metaspace       used 33086K, capacity 33700K, committed 34048K, reserved 1079296K
  class space    used 4574K, capacity 4762K, committed 4864K, reserved 1048576K
Event: 9.561 GC heap after
Heap after GC invocations=8 (full 1):
 PSYoungGen      total 99328K, used 9698K [0x00000007aab00000, 0x00000007b3580000, 0x00000007c0000000)
  eden space 89600K, 0% used [0x00000007aab00000,0x00000007aab00000,0x00000007b0280000)
  from space 9728K, 99% used [0x00000007b0280000,0x00000007b0bf8b28,0x00000007b0c00000)
  to   space 11264K, 0% used [0x00000007b2a80000,0x00000007b2a80000,0x00000007b3580000)
 ParOldGen       total 67072K, used 11658K [0x0000000780000000, 0x0000000784180000, 0x00000007aab00000)
  object space 67072K, 17% used [0x0000000780000000,0x0000000780b62890,0x0000000784180000)
 Metaspace       used 33086K, capacity 33700K, committed 34048K, reserved 1079296K
  class space    used 4574K, capacity 4762K, committed 4864K, reserved 1048576K
}
Event: 9.999 GC heap before
{Heap before GC invocations=9 (full 1):
 PSYoungGen      total 99328K, used 29894K [0x00000007aab00000, 0x00000007b3580000, 0x00000007c0000000)
  eden space 89600K, 22% used [0x00000007aab00000,0x00000007abeb9088,0x00000007b0280000)
  from space 9728K, 99% used [0x00000007b0280000,0x00000007b0bf8b28,0x00000007b0c00000)
  to   space 11264K, 0% used [0x00000007b2a80000,0x00000007b2a80000,0x00000007b3580000)
 ParOldGen       total 67072K, used 11658K [0x0000000780000000, 0x0000000784180000, 0x00000007aab00000)
  object space 67072K, 17% used [0x0000000780000000,0x0000000780b62890,0x0000000784180000)
 Metaspace       used 34564K, capacity 35182K, committed 35456K, reserved 1079296K
  class space    used 4771K, capacity 4929K, committed 4992K, reserved 1048576K
Event: 10.016 GC heap after
Heap after GC invocations=9 (full 1):
 PSYoungGen      total 130560K, used 8101K [0x00000007aab00000, 0x00000007b3d00000, 0x00000007c0000000)
  eden space 119296K, 0% used [0x00000007aab00000,0x00000007aab00000,0x00000007b1f80000)
  from space 11264K, 71% used [0x00000007b2a80000,0x00000007b32697e0,0x00000007b3580000)
  to   space 11264K, 0% used [0x00000007b1f80000,0x00000007b1f80000,0x00000007b2a80000)
 ParOldGen       total 67072K, used 11666K [0x0000000780000000, 0x0000000784180000, 0x00000007aab00000)
  object space 67072K, 17% used [0x0000000780000000,0x0000000780b64890,0x0000000784180000)
 Metaspace       used 34564K, capacity 35182K, committed 35456K, reserved 1079296K
  class space    used 4771K, capacity 4929K, committed 4992K, reserved 1048576K
}
Event: 10.016 GC heap before
{Heap before GC invocations=10 (full 2):
 PSYoungGen      total 130560K, used 8101K [0x00000007aab00000, 0x00000007b3d00000, 0x00000007c0000000)
  eden space 119296K, 0% used [0x00000007aab00000,0x00000007aab00000,0x00000007b1f80000)
  from space 11264K, 71% used [0x00000007b2a80000,0x00000007b32697e0,0x00000007b3580000)
  to   space 11264K, 0% used [0x00000007b1f80000,0x00000007b1f80000,0x00000007b2a80000)
 ParOldGen       total 67072K, used 11666K [0x0000000780000000, 0x0000000784180000, 0x00000007aab00000)
  object space 67072K, 17% used [0x0000000780000000,0x0000000780b64890,0x0000000784180000)
 Metaspace       used 34564K, capacity 35182K, committed 35456K, reserved 1079296K
  class space    used 4771K, capacity 4929K, committed 4992K, reserved 1048576K
Event: 10.153 GC heap after
Heap after GC invocations=10 (full 2):
 PSYoungGen      total 130560K, used 0K [0x00000007aab00000, 0x00000007b3d00000, 0x00000007c0000000)
  eden space 119296K, 0% used [0x00000007aab00000,0x00000007aab00000,0x00000007b1f80000)
  from space 11264K, 0% used [0x00000007b2a80000,0x00000007b2a80000,0x00000007b3580000)
  to   space 11264K, 0% used [0x00000007b1f80000,0x00000007b1f80000,0x00000007b2a80000)
 ParOldGen       total 103424K, used 14756K [0x0000000780000000, 0x0000000786500000, 0x00000007aab00000)
  object space 103424K, 14% used [0x0000000780000000,0x0000000780e692b8,0x0000000786500000)
 Metaspace       used 34564K, capacity 35182K, committed 35456K, reserved 1079296K
  class space    used 4771K, capacity 4929K, committed 4992K, reserved 1048576K
}

